mode: set
github.com/lmzuccarelli/golang-imageindex-list/pkg/log/logger.go:26.49,28.2 1 1
github.com/lmzuccarelli/golang-imageindex-list/pkg/log/logger.go:31.65,33.2 1 1
github.com/lmzuccarelli/golang-imageindex-list/pkg/log/logger.go:36.64,38.2 1 1
github.com/lmzuccarelli/golang-imageindex-list/pkg/log/logger.go:41.65,43.2 1 1
github.com/lmzuccarelli/golang-imageindex-list/pkg/log/logger.go:46.65,48.2 1 1
github.com/lmzuccarelli/golang-imageindex-list/pkg/log/logger.go:51.64,53.2 1 1
github.com/lmzuccarelli/golang-imageindex-list/pkg/log/logger.go:56.47,58.2 1 0
github.com/lmzuccarelli/golang-imageindex-list/pkg/manifest/manifest.go:36.63,38.2 1 1
github.com/lmzuccarelli/golang-imageindex-list/pkg/manifest/manifest.go:41.75,44.16 3 1
github.com/lmzuccarelli/golang-imageindex-list/pkg/manifest/manifest.go:47.2,48.16 2 1
github.com/lmzuccarelli/golang-imageindex-list/pkg/manifest/manifest.go:51.2,51.17 1 1
github.com/lmzuccarelli/golang-imageindex-list/pkg/manifest/manifest.go:44.16,46.3 1 0
github.com/lmzuccarelli/golang-imageindex-list/pkg/manifest/manifest.go:48.16,50.3 1 0
github.com/lmzuccarelli/golang-imageindex-list/pkg/manifest/manifest.go:56.79,59.16 3 1
github.com/lmzuccarelli/golang-imageindex-list/pkg/manifest/manifest.go:62.2,63.16 2 1
github.com/lmzuccarelli/golang-imageindex-list/pkg/manifest/manifest.go:66.2,66.17 1 1
github.com/lmzuccarelli/golang-imageindex-list/pkg/manifest/manifest.go:59.16,61.3 1 0
github.com/lmzuccarelli/golang-imageindex-list/pkg/manifest/manifest.go:63.16,65.3 1 0
github.com/lmzuccarelli/golang-imageindex-list/pkg/manifest/manifest.go:70.91,73.16 3 1
github.com/lmzuccarelli/golang-imageindex-list/pkg/manifest/manifest.go:76.2,77.16 2 1
github.com/lmzuccarelli/golang-imageindex-list/pkg/manifest/manifest.go:80.2,80.17 1 1
github.com/lmzuccarelli/golang-imageindex-list/pkg/manifest/manifest.go:73.16,75.3 1 0
github.com/lmzuccarelli/golang-imageindex-list/pkg/manifest/manifest.go:77.16,79.3 1 0
github.com/lmzuccarelli/golang-imageindex-list/pkg/manifest/manifest.go:84.100,87.71 1 1
github.com/lmzuccarelli/golang-imageindex-list/pkg/manifest/manifest.go:104.2,104.12 1 1
github.com/lmzuccarelli/golang-imageindex-list/pkg/manifest/manifest.go:87.71,88.35 1 1
github.com/lmzuccarelli/golang-imageindex-list/pkg/manifest/manifest.go:88.35,89.48 1 1
github.com/lmzuccarelli/golang-imageindex-list/pkg/manifest/manifest.go:92.4,93.18 2 1
github.com/lmzuccarelli/golang-imageindex-list/pkg/manifest/manifest.go:96.4,97.18 2 1
github.com/lmzuccarelli/golang-imageindex-list/pkg/manifest/manifest.go:89.48,91.5 1 0
github.com/lmzuccarelli/golang-imageindex-list/pkg/manifest/manifest.go:93.18,95.5 1 0
github.com/lmzuccarelli/golang-imageindex-list/pkg/manifest/manifest.go:97.18,99.5 1 0
github.com/lmzuccarelli/golang-imageindex-list/pkg/manifest/manifest.go:101.8,103.3 1 0
github.com/lmzuccarelli/golang-imageindex-list/pkg/manifest/manifest.go:108.87,113.16 4 1
github.com/lmzuccarelli/golang-imageindex-list/pkg/manifest/manifest.go:117.2,118.41 2 1
github.com/lmzuccarelli/golang-imageindex-list/pkg/manifest/manifest.go:121.2,121.23 1 1
github.com/lmzuccarelli/golang-imageindex-list/pkg/manifest/manifest.go:113.16,115.3 1 0
github.com/lmzuccarelli/golang-imageindex-list/pkg/manifest/manifest.go:118.41,120.3 1 1
github.com/lmzuccarelli/golang-imageindex-list/pkg/manifest/manifest.go:125.67,129.16 2 1
github.com/lmzuccarelli/golang-imageindex-list/pkg/manifest/manifest.go:133.2,133.26 1 1
github.com/lmzuccarelli/golang-imageindex-list/pkg/manifest/manifest.go:156.2,156.12 1 1
github.com/lmzuccarelli/golang-imageindex-list/pkg/manifest/manifest.go:129.16,131.3 1 0
github.com/lmzuccarelli/golang-imageindex-list/pkg/manifest/manifest.go:133.26,134.10 1 1
github.com/lmzuccarelli/golang-imageindex-list/pkg/manifest/manifest.go:135.36,137.34 2 1
github.com/lmzuccarelli/golang-imageindex-list/pkg/manifest/manifest.go:151.35,152.59 1 1
github.com/lmzuccarelli/golang-imageindex-list/pkg/manifest/manifest.go:137.34,139.28 2 1
github.com/lmzuccarelli/golang-imageindex-list/pkg/manifest/manifest.go:142.5,142.25 1 1
github.com/lmzuccarelli/golang-imageindex-list/pkg/manifest/manifest.go:147.5,147.29 1 1
github.com/lmzuccarelli/golang-imageindex-list/pkg/manifest/manifest.go:139.28,141.6 1 1
github.com/lmzuccarelli/golang-imageindex-list/pkg/manifest/manifest.go:142.25,143.32 1 1
github.com/lmzuccarelli/golang-imageindex-list/pkg/manifest/manifest.go:143.32,145.7 1 1
github.com/lmzuccarelli/golang-imageindex-list/pkg/manifest/manifest.go:147.29,149.6 1 1
github.com/lmzuccarelli/golang-imageindex-list/pkg/manifest/manifest.go:162.72,167.16 4 1
github.com/lmzuccarelli/golang-imageindex-list/pkg/manifest/manifest.go:171.2,172.6 2 1
github.com/lmzuccarelli/golang-imageindex-list/pkg/manifest/manifest.go:207.2,207.12 1 1
github.com/lmzuccarelli/golang-imageindex-list/pkg/manifest/manifest.go:167.16,169.3 1 0
github.com/lmzuccarelli/golang-imageindex-list/pkg/manifest/manifest.go:172.6,175.20 2 1
github.com/lmzuccarelli/golang-imageindex-list/pkg/manifest/manifest.go:179.3,179.17 1 1
github.com/lmzuccarelli/golang-imageindex-list/pkg/manifest/manifest.go:183.3,183.48 1 1
github.com/lmzuccarelli/golang-imageindex-list/pkg/manifest/manifest.go:175.20,176.9 1 1
github.com/lmzuccarelli/golang-imageindex-list/pkg/manifest/manifest.go:179.17,181.4 1 0
github.com/lmzuccarelli/golang-imageindex-list/pkg/manifest/manifest.go:183.48,184.27 1 1
github.com/lmzuccarelli/golang-imageindex-list/pkg/manifest/manifest.go:185.21,186.28 1 1
github.com/lmzuccarelli/golang-imageindex-list/pkg/manifest/manifest.go:191.21,193.19 2 1
github.com/lmzuccarelli/golang-imageindex-list/pkg/manifest/manifest.go:196.5,196.58 1 1
github.com/lmzuccarelli/golang-imageindex-list/pkg/manifest/manifest.go:199.5,199.20 1 1
github.com/lmzuccarelli/golang-imageindex-list/pkg/manifest/manifest.go:201.12,203.90 1 0
github.com/lmzuccarelli/golang-imageindex-list/pkg/manifest/manifest.go:186.28,187.68 1 1
github.com/lmzuccarelli/golang-imageindex-list/pkg/manifest/manifest.go:187.68,189.7 1 0
github.com/lmzuccarelli/golang-imageindex-list/pkg/manifest/manifest.go:193.19,195.6 1 0
github.com/lmzuccarelli/golang-imageindex-list/pkg/manifest/manifest.go:196.58,198.6 1 0
github.com/lmzuccarelli/golang-imageindex-list/pkg/manifest/manifest.go:212.77,216.16 3 1
github.com/lmzuccarelli/golang-imageindex-list/pkg/manifest/manifest.go:219.2,222.16 4 1
github.com/lmzuccarelli/golang-imageindex-list/pkg/manifest/manifest.go:225.2,225.17 1 1
github.com/lmzuccarelli/golang-imageindex-list/pkg/manifest/manifest.go:216.16,218.3 1 0
github.com/lmzuccarelli/golang-imageindex-list/pkg/manifest/manifest.go:222.16,224.3 1 0
github.com/lmzuccarelli/golang-imageindex-list/pkg/mirror/mirror.go:40.50,42.2 1 1
github.com/lmzuccarelli/golang-imageindex-list/pkg/mirror/mirror.go:44.42,46.2 1 0
github.com/lmzuccarelli/golang-imageindex-list/pkg/mirror/mirror.go:49.119,51.2 1 1
github.com/lmzuccarelli/golang-imageindex-list/pkg/mirror/mirror.go:53.154,55.2 1 0
github.com/lmzuccarelli/golang-imageindex-list/pkg/mirror/mirror.go:58.114,61.75 3 1
github.com/lmzuccarelli/golang-imageindex-list/pkg/mirror/mirror.go:64.2,65.16 2 1
github.com/lmzuccarelli/golang-imageindex-list/pkg/mirror/mirror.go:68.2,68.15 1 1
github.com/lmzuccarelli/golang-imageindex-list/pkg/mirror/mirror.go:74.2,75.16 2 1
github.com/lmzuccarelli/golang-imageindex-list/pkg/mirror/mirror.go:78.2,79.16 2 1
github.com/lmzuccarelli/golang-imageindex-list/pkg/mirror/mirror.go:83.2,84.16 2 1
github.com/lmzuccarelli/golang-imageindex-list/pkg/mirror/mirror.go:87.2,88.16 2 1
github.com/lmzuccarelli/golang-imageindex-list/pkg/mirror/mirror.go:92.2,93.26 2 1
github.com/lmzuccarelli/golang-imageindex-list/pkg/mirror/mirror.go:100.2,117.45 5 1
github.com/lmzuccarelli/golang-imageindex-list/pkg/mirror/mirror.go:61.75,63.3 1 0
github.com/lmzuccarelli/golang-imageindex-list/pkg/mirror/mirror.go:65.16,67.3 1 0
github.com/lmzuccarelli/golang-imageindex-list/pkg/mirror/mirror.go:68.15,69.49 1 1
github.com/lmzuccarelli/golang-imageindex-list/pkg/mirror/mirror.go:69.49,71.4 1 0
github.com/lmzuccarelli/golang-imageindex-list/pkg/mirror/mirror.go:75.16,77.3 1 0
github.com/lmzuccarelli/golang-imageindex-list/pkg/mirror/mirror.go:79.16,81.3 1 0
github.com/lmzuccarelli/golang-imageindex-list/pkg/mirror/mirror.go:84.16,86.3 1 0
github.com/lmzuccarelli/golang-imageindex-list/pkg/mirror/mirror.go:88.16,90.3 1 0
github.com/lmzuccarelli/golang-imageindex-list/pkg/mirror/mirror.go:93.26,95.17 2 1
github.com/lmzuccarelli/golang-imageindex-list/pkg/mirror/mirror.go:95.17,97.4 1 0
github.com/lmzuccarelli/golang-imageindex-list/pkg/mirror/mirror.go:117.45,120.17 2 1
github.com/lmzuccarelli/golang-imageindex-list/pkg/mirror/mirror.go:123.3,124.13 2 1
github.com/lmzuccarelli/golang-imageindex-list/pkg/mirror/mirror.go:120.17,122.4 1 0
github.com/lmzuccarelli/golang-imageindex-list/pkg/mirror/options.go:41.74,42.30 1 1
github.com/lmzuccarelli/golang-imageindex-list/pkg/mirror/options.go:42.30,44.3 1 0
github.com/lmzuccarelli/golang-imageindex-list/pkg/mirror/options.go:49.77,55.2 5 1
github.com/lmzuccarelli/golang-imageindex-list/pkg/mirror/options.go:64.62,69.2 4 1
github.com/lmzuccarelli/golang-imageindex-list/pkg/mirror/options.go:98.190,108.22 3 1
github.com/lmzuccarelli/golang-imageindex-list/pkg/mirror/options.go:112.2,115.28 4 1
github.com/lmzuccarelli/golang-imageindex-list/pkg/mirror/options.go:121.2,125.19 5 1
github.com/lmzuccarelli/golang-imageindex-list/pkg/mirror/options.go:108.22,111.3 1 1
github.com/lmzuccarelli/golang-imageindex-list/pkg/mirror/options.go:115.28,120.3 2 1
github.com/lmzuccarelli/golang-imageindex-list/pkg/mirror/options.go:129.184,137.2 6 1
github.com/lmzuccarelli/golang-imageindex-list/pkg/mirror/options.go:139.51,144.2 4 1
github.com/lmzuccarelli/golang-imageindex-list/pkg/mirror/options.go:147.81,150.25 3 1
github.com/lmzuccarelli/golang-imageindex-list/pkg/mirror/options.go:157.2,157.16 1 1
github.com/lmzuccarelli/golang-imageindex-list/pkg/mirror/options.go:160.2,160.43 1 1
github.com/lmzuccarelli/golang-imageindex-list/pkg/mirror/options.go:150.25,152.3 1 1
github.com/lmzuccarelli/golang-imageindex-list/pkg/mirror/options.go:152.8,152.34 1 0
github.com/lmzuccarelli/golang-imageindex-list/pkg/mirror/options.go:152.34,154.3 1 0
github.com/lmzuccarelli/golang-imageindex-list/pkg/mirror/options.go:154.8,156.3 1 0
github.com/lmzuccarelli/golang-imageindex-list/pkg/mirror/options.go:157.16,159.3 1 0
github.com/lmzuccarelli/golang-imageindex-list/pkg/mirror/options.go:165.90,167.41 2 1
github.com/lmzuccarelli/golang-imageindex-list/pkg/mirror/options.go:170.2,170.29 1 1
github.com/lmzuccarelli/golang-imageindex-list/pkg/mirror/options.go:173.2,173.20 1 1
github.com/lmzuccarelli/golang-imageindex-list/pkg/mirror/options.go:167.42,169.3 0 1
github.com/lmzuccarelli/golang-imageindex-list/pkg/mirror/options.go:170.29,172.3 1 0
github.com/lmzuccarelli/golang-imageindex-list/pkg/mirror/options.go:178.68,189.21 2 1
github.com/lmzuccarelli/golang-imageindex-list/pkg/mirror/options.go:192.2,192.12 1 1
github.com/lmzuccarelli/golang-imageindex-list/pkg/mirror/options.go:189.21,191.3 1 1
github.com/lmzuccarelli/golang-imageindex-list/pkg/mirror/options.go:197.76,208.2 7 1
github.com/lmzuccarelli/golang-imageindex-list/pkg/mirror/options.go:222.192,234.2 11 1
github.com/lmzuccarelli/golang-imageindex-list/pkg/mirror/options.go:238.65,239.24 1 1
github.com/lmzuccarelli/golang-imageindex-list/pkg/mirror/options.go:240.13,241.47 1 1
github.com/lmzuccarelli/golang-imageindex-list/pkg/mirror/options.go:242.14,243.54 1 0
github.com/lmzuccarelli/golang-imageindex-list/pkg/mirror/options.go:244.14,245.48 1 0
github.com/lmzuccarelli/golang-imageindex-list/pkg/mirror/options.go:246.10,247.124 1 0
github.com/lmzuccarelli/golang-imageindex-list/pkg/mirror/unshare_linux.go:42.61,44.39 1 1
github.com/lmzuccarelli/golang-imageindex-list/pkg/mirror/unshare_linux.go:53.2,53.12 1 1
github.com/lmzuccarelli/golang-imageindex-list/pkg/mirror/unshare_linux.go:44.39,52.3 2 1
github.com/lmzuccarelli/golang-imageindex-list/pkg/cli/executor.go:40.44,42.2 1 1
github.com/lmzuccarelli/golang-imageindex-list/pkg/cli/executor.go:44.69,46.2 1 0
github.com/lmzuccarelli/golang-imageindex-list/pkg/cli/executor.go:48.66,83.48 9 1
github.com/lmzuccarelli/golang-imageindex-list/pkg/cli/executor.go:99.2,107.12 8 1
github.com/lmzuccarelli/golang-imageindex-list/pkg/cli/executor.go:83.48,85.18 2 0
github.com/lmzuccarelli/golang-imageindex-list/pkg/cli/executor.go:89.4,92.18 3 0
github.com/lmzuccarelli/golang-imageindex-list/pkg/cli/executor.go:85.18,87.5 1 0
github.com/lmzuccarelli/golang-imageindex-list/pkg/cli/executor.go:92.18,95.5 2 0
github.com/lmzuccarelli/golang-imageindex-list/pkg/cli/executor.go:111.71,118.16 3 1
github.com/lmzuccarelli/golang-imageindex-list/pkg/cli/executor.go:124.2,125.16 2 1
github.com/lmzuccarelli/golang-imageindex-list/pkg/cli/executor.go:131.2,133.16 3 1
github.com/lmzuccarelli/golang-imageindex-list/pkg/cli/executor.go:139.2,141.16 3 1
github.com/lmzuccarelli/golang-imageindex-list/pkg/cli/executor.go:146.2,146.30 1 1
github.com/lmzuccarelli/golang-imageindex-list/pkg/cli/executor.go:118.16,121.3 2 1
github.com/lmzuccarelli/golang-imageindex-list/pkg/cli/executor.go:125.16,128.3 2 1
github.com/lmzuccarelli/golang-imageindex-list/pkg/cli/executor.go:133.16,136.3 2 1
github.com/lmzuccarelli/golang-imageindex-list/pkg/cli/executor.go:141.16,144.3 2 1
github.com/lmzuccarelli/golang-imageindex-list/pkg/cli/executor.go:150.50,162.2 8 1
github.com/lmzuccarelli/golang-imageindex-list/pkg/cli/executor.go:165.60,166.35 1 1
github.com/lmzuccarelli/golang-imageindex-list/pkg/cli/executor.go:169.2,169.21 1 1
github.com/lmzuccarelli/golang-imageindex-list/pkg/cli/executor.go:181.2,182.12 2 1
github.com/lmzuccarelli/golang-imageindex-list/pkg/cli/executor.go:166.35,168.3 1 1
github.com/lmzuccarelli/golang-imageindex-list/pkg/cli/executor.go:170.18,171.61 1 1
github.com/lmzuccarelli/golang-imageindex-list/pkg/cli/executor.go:174.17,175.60 1 1
github.com/lmzuccarelli/golang-imageindex-list/pkg/cli/executor.go:178.10,179.77 1 1
github.com/lmzuccarelli/golang-imageindex-list/pkg/cli/executor.go:171.61,173.4 1 1
github.com/lmzuccarelli/golang-imageindex-list/pkg/cli/executor.go:175.60,177.4 1 1
